{"logTime": "0917/085823", "correlationVector":"ox3DHhpJkBTXEs2DU0irxj.0","action":"FeedSettingFetch_homeCloud", "result":"0", "context":{}}
{"logTime": "0917/085823", "correlationVector":"ioq1kcsKe792DCIlx6Nzyp.1","action":"SyncServerConnectionManagerRequest", "result":"SYNC_SERVER_OK", "context":{"environment":"Prod_WestEurope_000l", "migrationStage":"NotStarted", "server":"general0100001D"}}
{"logTime": "0917/085823", "correlationVector":"ioq1kcsKe792DCIlx6Nzyp","action":"Initial GetUpdates", "result":"", "context":Reason: NEW_CLIENT. cV=ioq1kcsKe792DCIlx6Nzyp}
{"logTime": "0917/085823", "correlationVector":"ioq1kcsKe792DCIlx6Nzyp.2","action":"GetUpdates Response", "result":"SYNCER_OK", "context":Received 1 update(s). cV=ioq1kcsKe792DCIlx6Nzyp.0;server=general0100001D;cloudType=Consumer;environment=Prod_WestEurope_000l;migrationStage=NotStarted}
{"logTime": "0917/085833", "correlationVector":"acSiYwRXMzJ5i1xy0yygKw","action":"SyncServerConnectionManagerRequest", "result":"SYNC_SERVER_OK", "context":{"environment":"", "migrationStage":"", "server":""}}
{"logTime": "0917/085833", "correlationVector":"yPoI4wko01VtC1QiZsGZe+","action":"Initial GetUpdates", "result":"", "context":Reason: NEW_CLIENT. cV=yPoI4wko01VtC1QiZsGZe+}
{"logTime": "0917/085834", "correlationVector":"yPoI4wko01VtC1QiZsGZe+.1","action":"SyncServerConnectionManagerRequest", "result":"SYNC_SERVER_OK", "context":{"environment":"Prod_WestEurope_x00e", "migrationStage":"NotStarted", "server":"GENERAL01000001"}}
{"logTime": "0917/085834", "correlationVector":"yPoI4wko01VtC1QiZsGZe+.2","action":"GetUpdates Response", "result":"SYNCER_OK", "context":Received 4 update(s). cV=yPoI4wko01VtC1QiZsGZe+.0;server=GENERAL01000001;cloudType=Consumer;environment=Prod_WestEurope_x00e;migrationStage=NotStarted}
{"logTime": "0917/085834", "correlationVector":"sk5ztg/DGl2RfdhP+iORmp","action":"Normal GetUpdate request", "result":"", "context":cV=sk5ztg/DGl2RfdhP+iORmp
Nudged types: Device Info, User Consents
Refresh requested types: Device Info, User Consents, Send Tab To Self, Encryption Keys}
{"logTime": "0917/085835", "correlationVector":"sk5ztg/DGl2RfdhP+iORmp.1","action":"SyncServerConnectionManagerRequest", "result":"SYNC_SERVER_OK", "context":{"environment":"Prod_WestEurope_000l", "migrationStage":"NotStarted", "server":"general01000027"}}
{"logTime": "0917/085835", "correlationVector":"sk5ztg/DGl2RfdhP+iORmp.2","action":"GetUpdates Response", "result":"SYNCER_OK", "context":Received 0 update(s). cV=sk5ztg/DGl2RfdhP+iORmp.0;server=general01000027;cloudType=Consumer;environment=Prod_WestEurope_000l;migrationStage=NotStarted}
{"logTime": "0917/085835", "correlationVector":"PIow330Som48V5yHdYRUAI","action":"Commit Request", "result":"", "context":Item count: 1
Contributing types: Device Info}
{"logTime": "0917/085835", "correlationVector":"PIow330Som48V5yHdYRUAI.1","action":"SyncServerConnectionManagerRequest", "result":"SYNC_SERVER_OK", "context":{"environment":"Prod_WestEurope_x00e", "migrationStage":"NotStarted", "server":"GENERAL01000016"}}
{"logTime": "0917/085835", "correlationVector":"PIow330Som48V5yHdYRUAI.2","action":"Commit Response", "result":"SYNCER_OK", "context":Result: SYNCER_OK. cV=PIow330Som48V5yHdYRUAI.0;server=GENERAL01000016;cloudType=Consumer;environment=Prod_WestEurope_x00e;migrationStage=NotStarted}
{"logTime": "0917/085835", "correlationVector":"0L65YPQMzyGNlsyrmDXsFl","action":"Commit Request", "result":"", "context":Item count: 2
Contributing types: User Consents}
{"logTime": "0917/085836", "correlationVector":"0L65YPQMzyGNlsyrmDXsFl.1","action":"SyncServerConnectionManagerRequest", "result":"SYNC_SERVER_OK", "context":{"environment":"Prod_WestEurope_000l", "migrationStage":"NotStarted", "server":"general01000006"}}
{"logTime": "0917/085836", "correlationVector":"0L65YPQMzyGNlsyrmDXsFl.2","action":"Commit Response", "result":"SYNCER_OK", "context":Result: SYNCER_OK. cV=0L65YPQMzyGNlsyrmDXsFl.0;server=general01000006;cloudType=Consumer;environment=Prod_WestEurope_000l;migrationStage=NotStarted}
{"logTime": "0917/090532", "correlationVector":"NRlShNL58DmBr5sbnENUVZ.0","action":"FeedSettingFetch_homeCloud", "result":"0", "context":{}}
{"logTime": "0917/090532", "correlationVector":"DuKna/6GP86hQF3jU8KTqI.1","action":"SyncServerConnectionManagerRequest", "result":"SYNC_SERVER_OK", "context":{"environment":"Prod_WestEurope_000l", "migrationStage":"NotStarted", "server":"general01000026"}}
{"logTime": "0917/090532", "correlationVector":"DuKna/6GP86hQF3jU8KTqI","action":"Initial GetUpdates", "result":"", "context":Reason: NEW_CLIENT. cV=DuKna/6GP86hQF3jU8KTqI}
{"logTime": "0917/090532", "correlationVector":"DuKna/6GP86hQF3jU8KTqI.2","action":"GetUpdates Response", "result":"SYNCER_OK", "context":Received 1 update(s). cV=DuKna/6GP86hQF3jU8KTqI.0;server=general01000026;cloudType=Consumer;environment=Prod_WestEurope_000l;migrationStage=NotStarted}
{"logTime": "0917/090532", "correlationVector":"kYD/EsyvtgwSU/1g8gItD4","action":"Normal GetUpdate request", "result":"", "context":cV=kYD/EsyvtgwSU/1g8gItD4
Nudged types: User Consents
Refresh requested types: Device Info, User Consents, Send Tab To Self, Encryption Keys}
{"logTime": "0917/090532", "correlationVector":"kYD/EsyvtgwSU/1g8gItD4.1","action":"SyncServerConnectionManagerRequest", "result":"SYNC_SERVER_OK", "context":{"environment":"Prod_WestEurope_000l", "migrationStage":"NotStarted", "server":"general0100000R"}}
{"logTime": "0917/090532", "correlationVector":"kYD/EsyvtgwSU/1g8gItD4.2","action":"GetUpdates Response", "result":"SYNCER_OK", "context":Received 1 update(s). cV=kYD/EsyvtgwSU/1g8gItD4.0;server=general0100000R;cloudType=Consumer;environment=Prod_WestEurope_000l;migrationStage=NotStarted}
{"logTime": "0917/090532", "correlationVector":"j3dXDlvV0cwPtL1jzMp9f2","action":"Commit Request", "result":"", "context":Item count: 1
Contributing types: User Consents}
{"logTime": "0917/090551", "correlationVector":"j3dXDlvV0cwPtL1jzMp9f2.1","action":"SyncServerConnectionManagerRequest", "result":"SYNC_SERVER_OK", "context":{"environment":"Prod_WestEurope_000l", "migrationStage":"NotStarted", "server":"general01000001"}}
{"logTime": "0917/090551", "correlationVector":"j3dXDlvV0cwPtL1jzMp9f2.2","action":"Commit Response", "result":"SYNCER_OK", "context":Result: SYNCER_OK. cV=j3dXDlvV0cwPtL1jzMp9f2.0;server=general01000001;cloudType=Consumer;environment=Prod_WestEurope_000l;migrationStage=NotStarted}
{"logTime": "0917/090553", "correlationVector":"ErEUNkGgSTjnbc5Kk8mRTe","action":"SyncServerConnectionManagerRequest", "result":"SYNC_SERVER_OK", "context":{"environment":"", "migrationStage":"", "server":""}}
{"logTime": "0917/090553", "correlationVector":"fmDrVlY9Y6tQkKH/Ep2lSG","action":"Initial GetUpdates", "result":"", "context":Reason: RECONFIGURATION. cV=fmDrVlY9Y6tQkKH/Ep2lSG}
{"logTime": "0917/090554", "correlationVector":"fmDrVlY9Y6tQkKH/Ep2lSG.1","action":"SyncServerConnectionManagerRequest", "result":"SYNC_SERVER_OK", "context":{"environment":"Prod_WestEurope_x00e", "migrationStage":"NotStarted", "server":"GENERAL0100000F"}}
{"logTime": "0917/090554", "correlationVector":"fmDrVlY9Y6tQkKH/Ep2lSG.2","action":"GetUpdates Response", "result":"SYNCER_OK", "context":Received 26 update(s). cV=fmDrVlY9Y6tQkKH/Ep2lSG.0;server=GENERAL0100000F;cloudType=Consumer;environment=Prod_WestEurope_x00e;migrationStage=NotStarted}
{"logTime": "0917/090554", "correlationVector":"51PzcM06vL1JA9nIYQuE7d","action":"Initial GetUpdates", "result":"", "context":Reason: NEWLY_SUPPORTED_DATATYPE. cV=51PzcM06vL1JA9nIYQuE7d}
{"logTime": "0917/090554", "correlationVector":"51PzcM06vL1JA9nIYQuE7d.1","action":"SyncServerConnectionManagerRequest", "result":"SYNC_SERVER_OK", "context":{"environment":"Prod_WestEurope_x00e", "migrationStage":"NotStarted", "server":"GENERAL01000006"}}
{"logTime": "0917/090554", "correlationVector":"51PzcM06vL1JA9nIYQuE7d.2","action":"GetUpdates Response", "result":"SYNCER_OK", "context":Received 6 update(s). cV=51PzcM06vL1JA9nIYQuE7d.0;server=GENERAL01000006;cloudType=Consumer;environment=Prod_WestEurope_x00e;migrationStage=NotStarted}
{"logTime": "0917/090554", "correlationVector":"UyVUPWdCzGF1w/gGJRChAF","action":"Initial GetUpdates", "result":"", "context":Reason: NEWLY_SUPPORTED_DATATYPE. cV=UyVUPWdCzGF1w/gGJRChAF}
{"logTime": "0917/090555", "correlationVector":"UyVUPWdCzGF1w/gGJRChAF.1","action":"SyncServerConnectionManagerRequest", "result":"SYNC_SERVER_OK", "context":{"environment":"Prod_WestEurope_x00e", "migrationStage":"NotStarted", "server":"GENERAL0100001E"}}
{"logTime": "0917/090555", "correlationVector":"UyVUPWdCzGF1w/gGJRChAF.2","action":"GetUpdates", "result":"DeleteReceived", "context":{"id":"1785d24d-0d46-4891-94dd-a598461403c9", "isDeleted:":"true", "version":"1689505746353"}}
{"logTime": "0917/090555", "correlationVector":"UyVUPWdCzGF1w/gGJRChAF.3","action":"GetUpdates", "result":"DeleteReceived", "context":{"id":"20c259b3-55fb-4b86-8c4e-e2031dc71b22", "isDeleted:":"true", "version":"1689505746354"}}
{"logTime": "0917/090555", "correlationVector":"UyVUPWdCzGF1w/gGJRChAF.4","action":"GetUpdates", "result":"DeleteReceived", "context":{"id":"8abb1ce2-aa16-4cc0-9247-d9994e8ae954", "isDeleted:":"true", "version":"1689727702209"}}
{"logTime": "0917/090555", "correlationVector":"UyVUPWdCzGF1w/gGJRChAF.5","action":"GetUpdates", "result":"DeleteReceived", "context":{"id":"50a6b3b0-daf1-4b3a-885b-07c5cd6f6371", "isDeleted:":"true", "version":"1689727702210"}}
{"logTime": "0917/090555", "correlationVector":"UyVUPWdCzGF1w/gGJRChAF.6","action":"GetUpdates", "result":"DeleteReceived", "context":{"id":"2061cd76-fa6c-4930-84bf-2b8a96fa1de5", "isDeleted:":"true", "version":"1689727778250"}}
{"logTime": "0917/090555", "correlationVector":"UyVUPWdCzGF1w/gGJRChAF.7","action":"GetUpdates", "result":"DeleteReceived", "context":{"id":"e4a99b54-6c4e-4fbc-98d1-3aee2ab1bc82", "isDeleted:":"true", "version":"1689727778251"}}
{"logTime": "0917/090555", "correlationVector":"UyVUPWdCzGF1w/gGJRChAF.8","action":"GetUpdates", "result":"DeleteReceived", "context":{"id":"f576594e-3feb-4df0-b259-7d6dfbfb7568", "isDeleted:":"true", "version":"1689728110754"}}
{"logTime": "0917/090555", "correlationVector":"UyVUPWdCzGF1w/gGJRChAF.9","action":"GetUpdates", "result":"DeleteReceived", "context":{"id":"3290e744-a60a-420a-ad78-230bc326e0bf", "isDeleted:":"true", "version":"1689849801947"}}
{"logTime": "0917/090555", "correlationVector":"UyVUPWdCzGF1w/gGJRChAF.10","action":"GetUpdates", "result":"DeleteReceived", "context":{"id":"14711141-6fc5-43a6-9cf6-0088fdd23228", "isDeleted:":"true", "version":"1689849801948"}}
{"logTime": "0917/090555", "correlationVector":"UyVUPWdCzGF1w/gGJRChAF.11","action":"GetUpdates", "result":"DeleteReceived", "context":{"id":"fb9dbcce-e647-4207-a900-c15e182920b9", "isDeleted:":"true", "version":"1690026805282"}}
{"logTime": "0917/090555", "correlationVector":"UyVUPWdCzGF1w/gGJRChAF.12","action":"GetUpdates", "result":"DeleteReceived", "context":{"id":"bfad621f-f494-4cff-94fe-a0940d1cdfd4", "isDeleted:":"true", "version":"1690026805283"}}
{"logTime": "0917/090555", "correlationVector":"UyVUPWdCzGF1w/gGJRChAF.13","action":"GetUpdates", "result":"DeleteReceived", "context":{"id":"82dee211-5e2e-4acf-b569-435972ffc75c", "isDeleted:":"true", "version":"1690027219845"}}
{"logTime": "0917/090555", "correlationVector":"UyVUPWdCzGF1w/gGJRChAF.14","action":"GetUpdates", "result":"DeleteReceived", "context":{"id":"ef2665d9-0291-4837-9a12-5c0f9c065899", "isDeleted:":"true", "version":"1690027219847"}}
{"logTime": "0917/090555", "correlationVector":"UyVUPWdCzGF1w/gGJRChAF.15","action":"GetUpdates", "result":"DeleteReceived", "context":{"id":"bb44e87b-30f5-4722-b6cb-e97b19202b5f", "isDeleted:":"true", "version":"1690027250269"}}
{"logTime": "0917/090555", "correlationVector":"UyVUPWdCzGF1w/gGJRChAF.16","action":"GetUpdates", "result":"DeleteReceived", "context":{"id":"1da9977b-5e6a-477e-b597-62578a94236b", "isDeleted:":"true", "version":"1690092174253"}}
{"logTime": "0917/090555", "correlationVector":"UyVUPWdCzGF1w/gGJRChAF.17","action":"GetUpdates", "result":"DeleteReceived", "context":{"id":"466272b7-94c4-41b3-8288-2749ae8c2c1a", "isDeleted:":"true", "version":"1690092208796"}}
{"logTime": "0917/090555", "correlationVector":"UyVUPWdCzGF1w/gGJRChAF.18","action":"GetUpdates", "result":"DeleteReceived", "context":{"id":"f401014c-8d74-4c4e-823c-be1b147aa41a", "isDeleted:":"true", "version":"1690111649361"}}
{"logTime": "0917/090555", "correlationVector":"UyVUPWdCzGF1w/gGJRChAF.19","action":"GetUpdates", "result":"DeleteReceived", "context":{"id":"82ebb64e-b170-465a-b571-77f32c486ea3", "isDeleted:":"true", "version":"1690175109996"}}
{"logTime": "0917/090555", "correlationVector":"UyVUPWdCzGF1w/gGJRChAF.20","action":"GetUpdates", "result":"DeleteReceived", "context":{"id":"53517094-39c3-4fc9-838e-d0f2e044f4e6", "isDeleted:":"true", "version":"1690193808618"}}
{"logTime": "0917/090555", "correlationVector":"UyVUPWdCzGF1w/gGJRChAF.21","action":"GetUpdates", "result":"DeleteReceived", "context":{"id":"858919dc-a5ed-40fe-9204-15b38d049589", "isDeleted:":"true", "version":"1690193808619"}}
{"logTime": "0917/090555", "correlationVector":"UyVUPWdCzGF1w/gGJRChAF.22","action":"GetUpdates", "result":"DeleteReceived", "context":{"id":"02b391d5-fb3b-44a3-b64e-776988b37f8e", "isDeleted:":"true", "version":"1690193808620"}}
{"logTime": "0917/090555", "correlationVector":"UyVUPWdCzGF1w/gGJRChAF.23","action":"GetUpdates", "result":"DeleteReceived", "context":{"id":"837ab829-4520-4599-9f25-ab8cbeefb6ec", "isDeleted:":"true", "version":"1690193855648"}}
{"logTime": "0917/090555", "correlationVector":"UyVUPWdCzGF1w/gGJRChAF.24","action":"GetUpdates", "result":"DeleteReceived", "context":{"id":"f71e46e0-87d7-495e-807c-eb5ea172d100", "isDeleted:":"true", "version":"1690349534582"}}
{"logTime": "0917/090555", "correlationVector":"UyVUPWdCzGF1w/gGJRChAF.25","action":"GetUpdates", "result":"DeleteReceived", "context":{"id":"17a250aa-83c1-4408-8a68-86ecc021acf3", "isDeleted:":"true", "version":"1690349534583"}}
{"logTime": "0917/090555", "correlationVector":"UyVUPWdCzGF1w/gGJRChAF.26","action":"GetUpdates", "result":"DeleteReceived", "context":{"id":"ab84b60d-4c38-4824-b340-e85e56aa8c7d", "isDeleted:":"true", "version":"1690349534584"}}
{"logTime": "0917/090555", "correlationVector":"UyVUPWdCzGF1w/gGJRChAF.27","action":"GetUpdates", "result":"DeleteReceived", "context":{"id":"cd733f1d-2c3f-453d-b126-73fe226c604e", "isDeleted:":"true", "version":"1690365835987"}}
{"logTime": "0917/090555", "correlationVector":"UyVUPWdCzGF1w/gGJRChAF.28","action":"GetUpdates", "result":"DeleteReceived", "context":{"id":"e2e0fb1b-53ab-49fe-80bf-935e5fa73492", "isDeleted:":"true", "version":"1690365835988"}}
{"logTime": "0917/090555", "correlationVector":"UyVUPWdCzGF1w/gGJRChAF.29","action":"GetUpdates", "result":"DeleteReceived", "context":{"id":"aa988eb7-997f-4743-b619-2799b19fd5a4", "isDeleted:":"true", "version":"1690365835989"}}
{"logTime": "0917/090555", "correlationVector":"UyVUPWdCzGF1w/gGJRChAF.30","action":"GetUpdates", "result":"DeleteReceived", "context":{"id":"5976353b-62f5-481b-8d29-96c4da988142", "isDeleted:":"true", "version":"1690365835990"}}
{"logTime": "0917/090555", "correlationVector":"UyVUPWdCzGF1w/gGJRChAF.31","action":"GetUpdates", "result":"DeleteReceived", "context":{"id":"db7cc854-f770-452e-876b-ed236ece6c1e", "isDeleted:":"true", "version":"1690366015090"}}
{"logTime": "0917/090555", "correlationVector":"UyVUPWdCzGF1w/gGJRChAF.32","action":"GetUpdates", "result":"DeleteReceived", "context":{"id":"e0c5c412-153a-4a96-9a20-f09201b69f01", "isDeleted:":"true", "version":"1690366015091"}}
{"logTime": "0917/090555", "correlationVector":"UyVUPWdCzGF1w/gGJRChAF.33","action":"GetUpdates", "result":"DeleteReceived", "context":{"id":"c58a504d-f945-4583-894a-7412d8531f8a", "isDeleted:":"true", "version":"1691142553908"}}
{"logTime": "0917/090555", "correlationVector":"UyVUPWdCzGF1w/gGJRChAF.34","action":"GetUpdates", "result":"DeleteReceived", "context":{"id":"e8b0922d-6356-4fa4-9f97-1f0a279f4789", "isDeleted:":"true", "version":"1691142553909"}}
{"logTime": "0917/090555", "correlationVector":"UyVUPWdCzGF1w/gGJRChAF.35","action":"GetUpdates", "result":"DeleteReceived", "context":{"id":"7f7840c1-5343-42de-acea-5655362b462d", "isDeleted:":"true", "version":"1693805445248"}}
{"logTime": "0917/090555", "correlationVector":"UyVUPWdCzGF1w/gGJRChAF.36","action":"GetUpdates", "result":"DeleteReceived", "context":{"id":"901bcdb5-65a2-4493-a5d2-62d948316254", "isDeleted:":"true", "version":"1693805445249"}}
{"logTime": "0917/090555", "correlationVector":"UyVUPWdCzGF1w/gGJRChAF.37","action":"GetUpdates", "result":"DeleteReceived", "context":{"id":"20600ee5-85a8-444f-af86-6900700eed36", "isDeleted:":"true", "version":"1693805499089"}}
{"logTime": "0917/090555", "correlationVector":"UyVUPWdCzGF1w/gGJRChAF.38","action":"GetUpdates Response", "result":"SYNCER_OK", "context":Received 63 update(s). cV=UyVUPWdCzGF1w/gGJRChAF.0;server=GENERAL0100001E;cloudType=Consumer;environment=Prod_WestEurope_x00e;migrationStage=NotStarted}
{"logTime": "0917/090555", "correlationVector":"l36lqb2+KpX3/fW99Wz1KD","action":"Normal GetUpdate request", "result":"", "context":cV=l36lqb2+KpX3/fW99Wz1KD
Nudged types: Bookmarks, Sessions, Device Info, User Consents
Refresh requested types: Bookmarks, Preferences, Passwords, Autofill Profiles, Autofill, Autofill Custom Data, Typed URLs, Extensions, Sessions, Extension settings, History Delete Directives, Device Info, User Consents, Send Tab To Self, Web Apps, Collection, Edge E Drop, Edge Hub App Usage, Encryption Keys}
{"logTime": "0917/090555", "correlationVector":"l36lqb2+KpX3/fW99Wz1KD.1","action":"SyncServerConnectionManagerRequest", "result":"SYNC_SERVER_OK", "context":{"environment":"Prod_WestEurope_x00e", "migrationStage":"NotStarted", "server":"general0100002C"}}
{"logTime": "0917/090555", "correlationVector":"l36lqb2+KpX3/fW99Wz1KD.2","action":"GetUpdates Response", "result":"SYNCER_OK", "context":Received 0 update(s). cV=l36lqb2+KpX3/fW99Wz1KD.0;server=general0100002C;cloudType=Consumer;environment=Prod_WestEurope_x00e;migrationStage=NotStarted}
{"logTime": "0917/090555", "correlationVector":"zGhwmUXnJx0lOG0Ip2NOjB","action":"Commit Request", "result":"", "context":Item count: 1
Contributing types: Device Info}
{"logTime": "0917/090556", "correlationVector":"zGhwmUXnJx0lOG0Ip2NOjB.1","action":"SyncServerConnectionManagerRequest", "result":"SYNC_SERVER_OK", "context":{"environment":"Prod_WestEurope_x00e", "migrationStage":"NotStarted", "server":"GENERAL01000010"}}
{"logTime": "0917/090556", "correlationVector":"zGhwmUXnJx0lOG0Ip2NOjB.2","action":"Commit Response", "result":"SYNCER_OK", "context":Result: SYNCER_OK. cV=zGhwmUXnJx0lOG0Ip2NOjB.0;server=GENERAL01000010;cloudType=Consumer;environment=Prod_WestEurope_x00e;migrationStage=NotStarted}
{"logTime": "0917/090556", "correlationVector":"FvOho7SdWgfyRTmJb+ll9S","action":"Commit Request", "result":"", "context":Item count: 5
Contributing types: Bookmarks, Sessions, User Consents}
{"logTime": "0917/090556", "correlationVector":"FvOho7SdWgfyRTmJb+ll9S.1","action":"SyncServerConnectionManagerRequest", "result":"SYNC_SERVER_OK", "context":{"environment":"Prod_WestEurope_x00e", "migrationStage":"NotStarted", "server":"GENERAL01000016"}}
{"logTime": "0917/090556", "correlationVector":"FvOho7SdWgfyRTmJb+ll9S.2","action":"Commit Response", "result":"SYNCER_OK", "context":Result: SYNCER_OK. cV=FvOho7SdWgfyRTmJb+ll9S.0;server=GENERAL01000016;cloudType=Consumer;environment=Prod_WestEurope_x00e;migrationStage=NotStarted}
{"logTime": "0917/090628", "correlationVector":"BP5HaCeNN10XlhaLY1ghr4","action":"Commit Request", "result":"", "context":Item count: 3
Contributing types: Sessions}
{"logTime": "0917/090629", "correlationVector":"BP5HaCeNN10XlhaLY1ghr4.1","action":"SyncServerConnectionManagerRequest", "result":"SYNC_SERVER_OK", "context":{"environment":"Prod_WestEurope_000l", "migrationStage":"NotStarted", "server":"general0100001D"}}
{"logTime": "0917/090629", "correlationVector":"BP5HaCeNN10XlhaLY1ghr4.2","action":"Commit Response", "result":"SYNCER_OK", "context":Result: SYNCER_OK. cV=BP5HaCeNN10XlhaLY1ghr4.0;server=general0100001D;cloudType=Consumer;environment=Prod_WestEurope_000l;migrationStage=NotStarted}
{"logTime": "0917/090711", "correlationVector":"c/98UTcC9Nmb4XcE+xnQbm","action":"Commit Request", "result":"", "context":Item count: 3
Contributing types: Sessions}
{"logTime": "0917/090712", "correlationVector":"c/98UTcC9Nmb4XcE+xnQbm.1","action":"SyncServerConnectionManagerRequest", "result":"SYNC_SERVER_OK", "context":{"environment":"Prod_WestEurope_000l", "migrationStage":"NotStarted", "server":"general01000010"}}
{"logTime": "0917/090712", "correlationVector":"c/98UTcC9Nmb4XcE+xnQbm.2","action":"Commit Response", "result":"SYNCER_OK", "context":Result: SYNCER_OK. cV=c/98UTcC9Nmb4XcE+xnQbm.0;server=general01000010;cloudType=Consumer;environment=Prod_WestEurope_000l;migrationStage=NotStarted}
{"logTime": "0917/093244", "correlationVector":"kcpMKw0AHAr4M1yXqjkPEN.0","action":"FeedSettingFetch_homeCloud", "result":"0", "context":{}}
{"logTime": "0917/093245", "correlationVector":"4fUzDlsLsDearLbyqF/YZ+.1","action":"SyncServerConnectionManagerRequest", "result":"SYNC_SERVER_OK", "context":{"environment":"Prod_WestEurope_000l", "migrationStage":"NotStarted", "server":"general0100000R"}}
{"logTime": "0917/093245", "correlationVector":"4fUzDlsLsDearLbyqF/YZ+","action":"Initial GetUpdates", "result":"", "context":Reason: NEW_CLIENT. cV=4fUzDlsLsDearLbyqF/YZ+}
{"logTime": "0917/093245", "correlationVector":"4fUzDlsLsDearLbyqF/YZ+.2","action":"GetUpdates Response", "result":"SYNCER_OK", "context":Received 1 update(s). cV=4fUzDlsLsDearLbyqF/YZ+.0;server=general0100000R;cloudType=Consumer;environment=Prod_WestEurope_000l;migrationStage=NotStarted}
{"logTime": "0917/093245", "correlationVector":"cct0z34JF1upT49dWEVCC/","action":"Initial GetUpdates", "result":"", "context":Reason: NEWLY_SUPPORTED_DATATYPE. cV=cct0z34JF1upT49dWEVCC/}
{"logTime": "0917/093245", "correlationVector":"cct0z34JF1upT49dWEVCC/.1","action":"SyncServerConnectionManagerRequest", "result":"SYNC_SERVER_OK", "context":{"environment":"Prod_WestEurope_x00e", "migrationStage":"NotStarted", "server":"GENERAL0100001B"}}
{"logTime": "0917/093245", "correlationVector":"cct0z34JF1upT49dWEVCC/.2","action":"GetUpdates Response", "result":"SYNCER_OK", "context":Received 1 update(s). cV=cct0z34JF1upT49dWEVCC/.0;server=GENERAL0100001B;cloudType=Consumer;environment=Prod_WestEurope_x00e;migrationStage=NotStarted}
{"logTime": "0917/093245", "correlationVector":"uvlnhMsmtBRWGqmoT5hag+","action":"Normal GetUpdate request", "result":"", "context":cV=uvlnhMsmtBRWGqmoT5hag+
Nudged types: Sessions, User Consents
Refresh requested types: Bookmarks, Preferences, Passwords, Autofill Profiles, Autofill, Autofill Custom Data, Typed URLs, Extensions, Sessions, Extension settings, History Delete Directives, Device Info, User Consents, Send Tab To Self, Web Apps, Collection, Edge E Drop, Edge Hub App Usage, Encryption Keys}
{"logTime": "0917/093245", "correlationVector":"uvlnhMsmtBRWGqmoT5hag+.1","action":"SyncServerConnectionManagerRequest", "result":"SYNC_SERVER_OK", "context":{"environment":"Prod_WestEurope_000l", "migrationStage":"NotStarted", "server":"general0100001D"}}
{"logTime": "0917/093245", "correlationVector":"uvlnhMsmtBRWGqmoT5hag+.2","action":"GetUpdates Response", "result":"SYNCER_OK", "context":Received 6 update(s). cV=uvlnhMsmtBRWGqmoT5hag+.0;server=general0100001D;cloudType=Consumer;environment=Prod_WestEurope_000l;migrationStage=NotStarted}
{"logTime": "0917/093245", "correlationVector":"8rKJDATBtEAHdVBykJPWQC","action":"Commit Request", "result":"", "context":Item count: 6
Contributing types: Sessions, User Consents}
{"logTime": "0917/093245", "correlationVector":"8rKJDATBtEAHdVBykJPWQC.1","action":"SyncServerConnectionManagerRequest", "result":"SYNC_SERVER_OK", "context":{"environment":"Prod_WestEurope_000l", "migrationStage":"NotStarted", "server":"general0100000V"}}
{"logTime": "0917/093245", "correlationVector":"8rKJDATBtEAHdVBykJPWQC.3","action":"Commit.Sessions", "result":"Success", "context":{"id":"c0b5456c-4070-4e7a-9951-9426bd6b1998", "isDeleted":"true", "size":"0", "version":"1694941632158"}}
{"logTime": "0917/093245", "correlationVector":"8rKJDATBtEAHdVBykJPWQC.4","action":"Commit.Sessions", "result":"Success", "context":{"id":"a4a590a1-6476-4b53-803c-2da6208bb08b", "isDeleted":"true", "size":"0", "version":"1694941632159"}}
{"logTime": "0917/093245", "correlationVector":"8rKJDATBtEAHdVBykJPWQC.5","action":"Commit.Sessions", "result":"Success", "context":{"id":"8c7f17f5-ac5a-4e9f-a901-f9a7f606222a", "isDeleted":"true", "size":"0", "version":"1694941589303"}}
{"logTime": "0917/093245", "correlationVector":"8rKJDATBtEAHdVBykJPWQC.2","action":"Commit Response", "result":"SYNCER_OK", "context":Result: SYNCER_OK. cV=8rKJDATBtEAHdVBykJPWQC.0;server=general0100000V;cloudType=Consumer;environment=Prod_WestEurope_000l;migrationStage=NotStarted}
{"logTime": "0917/093303", "correlationVector":"mBdLLJ84ox/Fks0V+nCQ8x","action":"SyncServerConnectionManagerRequest", "result":"SYNC_SERVER_OK", "context":{"environment":"", "migrationStage":"", "server":""}}
{"logTime": "0917/093303", "correlationVector":"Xst3CZL0AjqnxYJNejGlkb","action":"Normal GetUpdate request", "result":"", "context":cV=Xst3CZL0AjqnxYJNejGlkb
Nudged types: Sessions}
{"logTime": "0917/093304", "correlationVector":"Xst3CZL0AjqnxYJNejGlkb.1","action":"SyncServerConnectionManagerRequest", "result":"SYNC_SERVER_OK", "context":{"environment":"Prod_WestEurope_000l", "migrationStage":"NotStarted", "server":"general01000026"}}
{"logTime": "0917/093304", "correlationVector":"Xst3CZL0AjqnxYJNejGlkb.2","action":"GetUpdates", "result":"DeleteReceived", "context":{"id":"c0b5456c-4070-4e7a-9951-9426bd6b1998", "isDeleted:":"true", "version":"1694943151187"}}
{"logTime": "0917/093304", "correlationVector":"Xst3CZL0AjqnxYJNejGlkb.3","action":"GetUpdates", "result":"DeleteReceived", "context":{"id":"a4a590a1-6476-4b53-803c-2da6208bb08b", "isDeleted:":"true", "version":"1694943151188"}}
{"logTime": "0917/093304", "correlationVector":"Xst3CZL0AjqnxYJNejGlkb.4","action":"GetUpdates", "result":"DeleteReceived", "context":{"id":"8c7f17f5-ac5a-4e9f-a901-f9a7f606222a", "isDeleted:":"true", "version":"1694943151189"}}
{"logTime": "0917/093304", "correlationVector":"Xst3CZL0AjqnxYJNejGlkb.5","action":"GetUpdates Response", "result":"SYNCER_OK", "context":Received 5 update(s). cV=Xst3CZL0AjqnxYJNejGlkb.0;server=general01000026;cloudType=Consumer;environment=Prod_WestEurope_000l;migrationStage=NotStarted}
{"logTime": "0917/093304", "correlationVector":"6NfpBC5uzv1DeSnT/uGJZP","action":"Commit Request", "result":"", "context":Item count: 1
Contributing types: Sessions}
{"logTime": "0917/093304", "correlationVector":"6NfpBC5uzv1DeSnT/uGJZP.1","action":"SyncServerConnectionManagerRequest", "result":"SYNC_SERVER_OK", "context":{"environment":"Prod_WestEurope_x00e", "migrationStage":"NotStarted", "server":"general0100001L"}}
{"logTime": "0917/093304", "correlationVector":"6NfpBC5uzv1DeSnT/uGJZP.2","action":"Commit Response", "result":"SYNCER_OK", "context":Result: SYNCER_OK. cV=6NfpBC5uzv1DeSnT/uGJZP.0;server=general0100001L;cloudType=Consumer;environment=Prod_WestEurope_x00e;migrationStage=NotStarted}
{"logTime": "0917/093304", "correlationVector":"sKqyIV4v0f9+dPRjhIGzFN","action":"Normal GetUpdate request", "result":"", "context":cV=sKqyIV4v0f9+dPRjhIGzFN
Nudged types: Sessions
Refresh requested types: Bookmarks, Preferences, Passwords, Autofill Profiles, Autofill, Autofill Custom Data, Typed URLs, Extensions, Sessions, Extension settings, History Delete Directives, Device Info, User Consents, Send Tab To Self, Web Apps, Collection, Edge E Drop, Edge Hub App Usage, Encryption Keys}
{"logTime": "0917/093305", "correlationVector":"sKqyIV4v0f9+dPRjhIGzFN.1","action":"SyncServerConnectionManagerRequest", "result":"SYNC_SERVER_OK", "context":{"environment":"Prod_WestEurope_000l", "migrationStage":"NotStarted", "server":"general01000008"}}
{"logTime": "0917/093305", "correlationVector":"sKqyIV4v0f9+dPRjhIGzFN.2","action":"GetUpdates Response", "result":"SYNCER_OK", "context":Received 1 update(s). cV=sKqyIV4v0f9+dPRjhIGzFN.0;server=general01000008;cloudType=Consumer;environment=Prod_WestEurope_000l;migrationStage=NotStarted}
{"logTime": "0917/093333", "correlationVector":"WN1fhnuRRL0MWNA8MDeXX0","action":"Commit Request", "result":"", "context":Item count: 1
Contributing types: Sessions}
{"logTime": "0917/093335", "correlationVector":"WN1fhnuRRL0MWNA8MDeXX0.1","action":"SyncServerConnectionManagerRequest", "result":"SYNC_SERVER_OK", "context":{"environment":"Prod_WestEurope_x00e", "migrationStage":"NotStarted", "server":"general0100001L"}}
{"logTime": "0917/093335", "correlationVector":"WN1fhnuRRL0MWNA8MDeXX0.2","action":"Commit Response", "result":"SYNCER_OK", "context":Result: SYNCER_OK. cV=WN1fhnuRRL0MWNA8MDeXX0.0;server=general0100001L;cloudType=Consumer;environment=Prod_WestEurope_x00e;migrationStage=NotStarted}
{"logTime": "0917/093350", "correlationVector":"F6rb6BCpEqbPEpQ+/fiW4S","action":"Normal GetUpdate request", "result":"", "context":cV=F6rb6BCpEqbPEpQ+/fiW4S
Nudged types: Sessions
Notified types: Device Info}
{"logTime": "0917/093351", "correlationVector":"F6rb6BCpEqbPEpQ+/fiW4S.1","action":"SyncServerConnectionManagerRequest", "result":"SYNC_SERVER_OK", "context":{"environment":"Prod_WestEurope_000l", "migrationStage":"NotStarted", "server":"general0100000W"}}
{"logTime": "0917/093351", "correlationVector":"F6rb6BCpEqbPEpQ+/fiW4S.2","action":"GetUpdates", "result":"DeleteReceived", "context":{"id":"5615f966-88a3-4d50-9a3f-00be1ad9dab1", "isDeleted:":"true", "version":"1694943230899"}}
{"logTime": "0917/093351", "correlationVector":"F6rb6BCpEqbPEpQ+/fiW4S.3","action":"GetUpdates Response", "result":"SYNCER_OK", "context":Received 35 update(s). cV=F6rb6BCpEqbPEpQ+/fiW4S.0;server=general0100000W;cloudType=Consumer;environment=Prod_WestEurope_000l;migrationStage=NotStarted}
{"logTime": "0917/093351", "correlationVector":"RKhmgXYfXQRstimOYrj3WW","action":"Commit Request", "result":"", "context":Item count: 1
Contributing types: Sessions}
{"logTime": "0917/093352", "correlationVector":"RKhmgXYfXQRstimOYrj3WW.1","action":"SyncServerConnectionManagerRequest", "result":"SYNC_SERVER_OK", "context":{"environment":"Prod_WestEurope_000l", "migrationStage":"NotStarted", "server":"general0100001D"}}
{"logTime": "0917/093352", "correlationVector":"RKhmgXYfXQRstimOYrj3WW.2","action":"Commit Response", "result":"SYNCER_OK", "context":Result: SYNCER_OK. cV=RKhmgXYfXQRstimOYrj3WW.0;server=general0100001D;cloudType=Consumer;environment=Prod_WestEurope_000l;migrationStage=NotStarted}
{"logTime": "0917/093352", "correlationVector":"oiTpujNTEhKEqzgda/kZaq","action":"Normal GetUpdate request", "result":"", "context":cV=oiTpujNTEhKEqzgda/kZaq
Nudged types: Sessions
Notified types: Preferences, Passwords, Autofill Profiles, Autofill, Typed URLs}
{"logTime": "0917/093353", "correlationVector":"oiTpujNTEhKEqzgda/kZaq.1","action":"SyncServerConnectionManagerRequest", "result":"SYNC_SERVER_OK", "context":{"environment":"Prod_WestEurope_x00e", "migrationStage":"NotStarted", "server":"general01000017"}}
{"logTime": "0917/093353", "correlationVector":"oiTpujNTEhKEqzgda/kZaq.2","action":"GetUpdates Response", "result":"SYNCER_OK", "context":Received 1 update(s). cV=oiTpujNTEhKEqzgda/kZaq.0;server=general01000017;cloudType=Consumer;environment=Prod_WestEurope_x00e;migrationStage=NotStarted}
